<?xml version="1.0" encoding="UTF-8"?>
<testng-results ignored="0" total="1" passed="1" failed="0" skipped="0">
  <reporter-output>
  </reporter-output>
  <suite started-at="2024-06-18T21:23:22 IST" name="Default suite" finished-at="2024-06-18T21:23:43 IST" duration-ms="20613">
    <groups>
    </groups>
    <test started-at="2024-06-18T21:23:22 IST" name="Default test" finished-at="2024-06-18T21:23:43 IST" duration-ms="20613">
      <class name="Tests.InsurancePremiumTest">
        <test-method signature="restAssureNivaTest()[pri:0, instance:Tests.InsurancePremiumTest@7e07db1f]" started-at="2024-06-18T21:23:22 IST" name="restAssureNivaTest" finished-at="2024-06-18T21:23:43 IST" duration-ms="20546" status="PASS">
          <reporter-output>
          </reporter-output>
        </test-method> <!-- restAssureNivaTest -->
      </class> <!-- Tests.InsurancePremiumTest -->
    </test> <!-- Default test -->
  </suite> <!-- Default suite -->
</testng-results>
